[2025-04-05 13:50:31] [31merror[39m: ❌ Error ejecutando /yumi: DiscordAPIError[10062]: Unknown interaction
    at handleErrors (/home/runner/workspace/src/node_modules/@discordjs/rest/dist/index.js:727:13)
    at process.processTicksAndRejections (node:internal/process/task_queues:95:5)
    at async BurstHandler.runRequest (/home/runner/workspace/src/node_modules/@discordjs/rest/dist/index.js:831:23)
    at async _REST.request (/home/runner/workspace/src/node_modules/@discordjs/rest/dist/index.js:1272:22)
    at async ChatInputCommandInteraction.reply (/home/runner/workspace/src/node_modules/discord.js/src/structures/interfaces/InteractionResponses.js:194:22)
    at async Object.execute (/home/runner/workspace/src/commands/yumi.js:33:26)
    at async Client.<anonymous> (/home/runner/workspace/src/moon.js:223:9)
[2025-04-05 13:50:31] [31merror[39m: ❌ Error al responder con embed de error: DiscordAPIError[40060]: Interaction has already been acknowledged.
    at handleErrors (/home/runner/workspace/src/node_modules/@discordjs/rest/dist/index.js:727:13)
    at process.processTicksAndRejections (node:internal/process/task_queues:95:5)
    at async BurstHandler.runRequest (/home/runner/workspace/src/node_modules/@discordjs/rest/dist/index.js:831:23)
    at async _REST.request (/home/runner/workspace/src/node_modules/@discordjs/rest/dist/index.js:1272:22)
    at async ChatInputCommandInteraction.reply (/home/runner/workspace/src/node_modules/discord.js/src/structures/interfaces/InteractionResponses.js:194:22)
    at async Client.<anonymous> (/home/runner/workspace/src/moon.js:242:17)
[2025-04-05 13:50:31] [31merror[39m: ❌ Error ejecutando /yumi: DiscordAPIError[10062]: Unknown interaction
    at handleErrors (/home/runner/workspace/src/node_modules/@discordjs/rest/dist/index.js:727:13)
    at process.processTicksAndRejections (node:internal/process/task_queues:105:5)
    at async BurstHandler.runRequest (/home/runner/workspace/src/node_modules/@discordjs/rest/dist/index.js:831:23)
    at async _REST.request (/home/runner/workspace/src/node_modules/@discordjs/rest/dist/index.js:1272:22)
    at async ChatInputCommandInteraction.reply (/home/runner/workspace/src/node_modules/discord.js/src/structures/interfaces/InteractionResponses.js:194:22)
    at async Object.execute (/home/runner/workspace/src/commands/yumi.js:33:26)
    at async Client.<anonymous> (/home/runner/workspace/src/moon.js:223:9)
[2025-04-05 13:50:31] [31merror[39m: ❌ Error al responder con embed de error: DiscordAPIError[40060]: Interaction has already been acknowledged.
    at handleErrors (/home/runner/workspace/src/node_modules/@discordjs/rest/dist/index.js:727:13)
    at process.processTicksAndRejections (node:internal/process/task_queues:105:5)
    at async BurstHandler.runRequest (/home/runner/workspace/src/node_modules/@discordjs/rest/dist/index.js:831:23)
    at async _REST.request (/home/runner/workspace/src/node_modules/@discordjs/rest/dist/index.js:1272:22)
    at async ChatInputCommandInteraction.reply (/home/runner/workspace/src/node_modules/discord.js/src/structures/interfaces/InteractionResponses.js:194:22)
    at async Client.<anonymous> (/home/runner/workspace/src/moon.js:242:17)
